<?xml version="1.0" encoding="UTF-8"?>
<!-- Generated by org.testng.reporters.JUnitXMLReporter -->
<testsuite ignored="6" hostname="DESKTOP-UVCNVNR" failures="0" tests="1" name="Default test" time="18.255" errors="0" timestamp="2024-05-10T15:23:01 IST">
  <testcase classname="TestCases.DatePickerTest" name="verify_choosedate" time="3.145"/>
  <testcase classname="TestCases.DatePickerTest" name="verify_sendkey" time="0.0">
    <ignored/>
  </testcase> <!-- verify_sendkey -->
  <testcase classname="TestCases.DatePickerTest" name="verify_datePickerPageLink" time="0.0">
    <ignored/>
  </testcase> <!-- verify_datePickerPageLink -->
  <testcase classname="TestCases.DatePickerTest" name="verify_middle" time="0.0">
    <ignored/>
  </testcase> <!-- verify_middle -->
  <testcase classname="TestCases.DatePickerTest" name="verify_DateSelection" time="0.0">
    <ignored/>
  </testcase> <!-- verify_DateSelection -->
  <testcase classname="TestCases.DatePickerTest" name="verify_DatePickerInput" time="0.0">
    <ignored/>
  </testcase> <!-- verify_DatePickerInput -->
  <testcase classname="TestCases.DatePickerTest" name="verify_PrevCalenderButton" time="0.0">
    <ignored/>
  </testcase> <!-- verify_PrevCalenderButton -->
</testsuite> <!-- Default test -->
