<?xml version="1.0" encoding="UTF-8"?>
<testng-results ignored="0" total="1" passed="1" failed="0" skipped="0">
  <reporter-output>
  </reporter-output>
  <suite started-at="2024-05-10T15:22:43 IST" name="Default suite" finished-at="2024-05-10T15:23:01 IST" duration-ms="18255">
    <groups>
    </groups>
    <test started-at="2024-05-10T15:22:43 IST" name="Default test" finished-at="2024-05-10T15:23:01 IST" duration-ms="18255">
      <class name="TestCases.DatePickerTest">
        <test-method is-config="true" signature="launchBrowser()[pri:0, instance:TestCases.DatePickerTest@38d8f54a]" started-at="2024-05-10T15:22:43 IST" name="launchBrowser" finished-at="2024-05-10T15:22:58 IST" duration-ms="15023" status="PASS">
          <reporter-output>
          </reporter-output>
        </test-method> <!-- launchBrowser -->
        <test-method signature="verify_choosedate()[pri:0, instance:TestCases.DatePickerTest@38d8f54a]" started-at="2024-05-10T15:22:58 IST" name="verify_choosedate" finished-at="2024-05-10T15:23:01 IST" duration-ms="3145" status="PASS">
          <reporter-output>
          </reporter-output>
        </test-method> <!-- verify_choosedate -->
        <test-method is-config="true" signature="closeBrowser()[pri:0, instance:TestCases.DatePickerTest@38d8f54a]" started-at="2024-05-10T15:23:01 IST" name="closeBrowser" finished-at="2024-05-10T15:23:01 IST" duration-ms="2" status="PASS">
          <reporter-output>
          </reporter-output>
        </test-method> <!-- closeBrowser -->
      </class> <!-- TestCases.DatePickerTest -->
    </test> <!-- Default test -->
  </suite> <!-- Default suite -->
</testng-results>
